\BOOKMARK [2][-]{subsection.0.1}{\376\377\000L\000a\000n\000g\000u\000a\000g\000e\000\040\000M\000o\000d\000e\000l\000i\000n\000g\000\040\000T\000u\000t\000o\000r\000i\000a\000l}{}% 1
\BOOKMARK [2][-]{subsection.0.2}{\376\377\000L\000e\000a\000r\000n\000\040\000A\000R\000P\000A\000\040\000F\000o\000r\000m\000a\000t}{}% 2
\BOOKMARK [2][-]{subsection.0.3}{\376\377\000S\000R\000I\000L\000M\000\040\000I\000n\000s\000t\000a\000l\000l\000a\000t\000i\000o\000n}{}% 3
\BOOKMARK [3][-]{subsubsection.0.3.1}{\376\377\0000\000\051\000\040\000I\000n\000s\000t\000a\000l\000l\000\040\000O\000S\000\040\000p\000r\000e\000r\000e\000q\000u\000i\000s\000i\000t\000e\000s}{subsection.0.3}% 4
\BOOKMARK [2][-]{subsection.0.4}{\376\377\000W\000h\000y\000\040\000d\000i\000d\000\040\000S\000R\000I\000L\000M\000\040\000c\000r\000a\000s\000h\000?}{}% 5
\BOOKMARK [2][-]{subsection.0.5}{\376\377\000U\000s\000i\000n\000g\000\040\000W\000i\000t\000t\000e\000n\000-\000B\000e\000l\000l\000\040\000D\000i\000s\000c\000o\000u\000n\000t\000i\000n\000g}{}% 6
\BOOKMARK [2][-]{subsection.0.6}{\376\377\000R\000e\000a\000d\000i\000n\000g\000\040\000t\000h\000e\000\040\000A\000R\000P\000A\000\040\000F\000o\000r\000m\000a\000t}{}% 7
\BOOKMARK [2][-]{subsection.0.7}{\376\377\000T\000r\000a\000c\000i\000n\000g\000\040\000w\000i\000t\000h\000\040\000-\000d\000e\000b\000u\000g\000\040\0002\000\040\000O\000p\000t\000i\000o\000n}{}% 8
\BOOKMARK [2][-]{subsection.0.8}{\376\377\000D\000e\000b\000u\000g\000g\000i\000n\000g\000\040\000t\000h\000e\000\040\000P\000e\000r\000p\000l\000e\000x\000i\000t\000y\000\040\000C\000a\000l\000c\000u\000l\000a\000t\000i\000o\000n}{}% 9
\BOOKMARK [2][-]{subsection.0.9}{\376\377\000T\000h\000e\000\040\000`\000`\000M\000a\000g\000i\000c\000'\000'\000\040\000o\000f\000\040\000S\000R\000I\000L\000M\000'\000s\000\040\000P\000P\000L\000\040\000M\000a\000t\000h}{}% 10
\BOOKMARK [2][-]{subsection.0.10}{\376\377\000E\000x\000t\000r\000a\000c\000t\000i\000n\000g\000\040\000R\000a\000w\000\040\000N\000-\000g\000r\000a\000m\000\040\000C\000o\000u\000n\000t\000s}{}% 11
\BOOKMARK [2][-]{subsection.0.11}{\376\377\000R\000a\000w\000\040\000C\000o\000u\000n\000t\000s\000\040\000v\000s\000.\000\040\000S\000m\000o\000o\000t\000h\000e\000d\000\040\000P\000r\000o\000b\000a\000b\000i\000l\000i\000t\000i\000e\000s\000\040\000\050\000T\000h\000e\000\040\000R\000o\000o\000t\000\040\000o\000f\000\040\000t\000h\000e\000\040\000P\000r\000o\000b\000l\000e\000m\000\051}{}% 12
\BOOKMARK [2][-]{subsection.0.12}{\376\377\000V\000o\000c\000a\000b\000u\000l\000a\000r\000y\000\040\000M\000a\000n\000a\000g\000e\000m\000e\000n\000t\000\040\000\050\000c\000h\000a\000n\000g\000e\000-\000l\000m\000-\000v\000o\000c\000a\000b\000\051}{}% 13
\BOOKMARK [2][-]{subsection.0.13}{\376\377\000g\000a\000w\000k\000\040\000I\000n\000s\000t\000a\000l\000l\000a\000t\000i\000o\000n}{}% 14
\BOOKMARK [2][-]{subsection.0.14}{\376\377\000S\000o\000l\000v\000i\000n\000g\000\040\000t\000h\000e\000\040\000O\000O\000V\000\040\000P\000r\000o\000b\000l\000e\000m\000\040\000\050\000A\000n\000d\000\040\000E\000x\000p\000o\000s\000i\000n\000g\000\040\000a\000\040\000M\000e\000t\000r\000i\000c\000\040\000L\000o\000o\000p\000h\000o\000l\000e\000\051}{}% 15
\BOOKMARK [2][-]{subsection.0.15}{\376\377\000T\000h\000e\000\040\000L\000o\000o\000p\000h\000o\000l\000e\000\040\000i\000n\000\040\000S\000R\000I\000L\000M\000'\000s\000\040\000M\000a\000t\000h}{}% 16
\BOOKMARK [2][-]{subsection.0.16}{\376\377\000W\000h\000y\000\040\000d\000o\000\040\000w\000e\000\040\000s\000t\000i\000l\000l\000\040\000d\000o\000\040\000t\000h\000i\000s\000\040\000i\000n\000\040\000t\000h\000e\000\040\000r\000e\000a\000l\000\040\000w\000o\000r\000l\000d\000?}{}% 17
\BOOKMARK [2][-]{subsection.0.17}{\376\377\000T\000h\000e\000\040\000`\000`\000B\000i\000g\000\040\000L\000M\000'\000'\000\040\000P\000i\000p\000e\000l\000i\000n\000e\000\040\000\050\000C\000o\000n\000c\000e\000p\000t\000u\000a\000l\000\051}{}% 18
\BOOKMARK [2][-]{subsection.0.18}{\376\377\000S\000c\000a\000l\000i\000n\000g\000\040\000t\000o\000\040\000W\000e\000b\000-\000S\000c\000a\000l\000e\000\040\000D\000a\000t\000a}{}% 19
\BOOKMARK [2][-]{subsection.0.19}{\376\377\000L\000M\000\040\000I\000n\000t\000e\000r\000p\000o\000l\000a\000t\000i\000o\000n\000\040\000\050\000c\000o\000m\000p\000u\000t\000e\000-\000b\000e\000s\000t\000-\000m\000i\000x\000\051}{}% 20
\BOOKMARK [2][-]{subsection.0.20}{\376\377\000I\000n\000t\000e\000r\000p\000o\000l\000a\000t\000i\000o\000n\000:\000\040\000T\000h\000e\000\040\000S\000e\000c\000r\000e\000t\000\040\000S\000a\000u\000c\000e\000\040\000o\000f\000\040\000A\000S\000R}{}% 21
\BOOKMARK [2][-]{subsection.0.21}{\376\377\000N\000e\000u\000r\000a\000l\000\040\000L\000M\000\040\000\050\000P\000y\000T\000o\000r\000c\000h\000\040\000L\000S\000T\000M\000\040\000o\000n\000\040\000G\000P\000U\000\051}{}% 22
\BOOKMARK [2][-]{subsection.0.22}{\376\377\000P\000r\000e\000p\000a\000r\000i\000n\000g\000\040\000B\000i\000g\000g\000e\000r\000\040\000D\000a\000t\000a\000s\000e\000t}{}% 23
\BOOKMARK [2][-]{subsection.0.23}{\376\377\000O\000p\000e\000n\000-\000t\000e\000s\000t}{}% 24
\BOOKMARK [2][-]{subsection.0.24}{\376\377\000S\000i\000m\000p\000l\000e\000\040\000D\000a\000t\000a\000\040\000C\000l\000e\000a\000n\000i\000n\000g}{}% 25
\BOOKMARK [2][-]{subsection.0.25}{\376\377\000L\000S\000T\000M\000\040\000B\000a\000s\000e\000d\000\040\000L\000M}{}% 26
\BOOKMARK [2][-]{subsection.0.26}{\376\377\000S\000h\000e\000l\000l\000\040\000S\000c\000r\000i\000p\000t\000s}{}% 27
\BOOKMARK [2][-]{subsection.0.27}{\376\377\000C\000h\000e\000c\000k\000\040\000G\000P\000U\000\040\000S\000t\000a\000t\000u\000s\000\040\000D\000u\000r\000i\000n\000g\000\040\000L\000S\000T\000M\000-\000b\000a\000s\000e\000d\000\040\000L\000M\000\040\000T\000r\000a\000i\000n\000i\000n\000g}{}% 28
\BOOKMARK [2][-]{subsection.0.28}{\376\377\000E\000v\000a\000l\000u\000a\000t\000i\000o\000n\000\040\000o\000n\000\040\000L\000S\000T\000M\000\040\000L\000M}{}% 29
\BOOKMARK [2][-]{subsection.0.29}{\376\377\000T\000e\000x\000t\000\040\000G\000e\000n\000e\000r\000a\000t\000i\000o\000n}{}% 30
\BOOKMARK [2][-]{subsection.0.30}{\376\377\000E\000v\000a\000l\000u\000a\000t\000i\000o\000n\000\040\000w\000i\000t\000h\000\040\000C\000l\000o\000s\000e\000d\000-\000T\000e\000s\000t\000\040\000D\000a\000t\000a}{}% 31
\BOOKMARK [2][-]{subsection.0.31}{\376\377\000T\000r\000a\000n\000s\000f\000o\000r\000m\000e\000r\000\040\000L\000M\000\040\000\050\000H\000u\000g\000g\000i\000n\000g\000F\000a\000c\000e\000\040\000o\000n\000\040\000G\000P\000U\000\051}{}% 32
\BOOKMARK [2][-]{subsection.0.32}{\376\377\000T\000r\000a\000n\000s\000f\000o\000r\000m\000e\000r\000\040\000L\000M\000\040\000\050\000w\000i\000t\000h\000\040\000M\000y\000a\000n\000m\000a\000r\000\040\000l\000a\000n\000g\000u\000a\000g\000e\000\051}{}% 33
\BOOKMARK [2][-]{subsection.0.33}{\376\377\000F\000i\000n\000e\000t\000u\000n\000i\000n\000g}{}% 34
\BOOKMARK [2][-]{subsection.0.34}{\376\377\000E\000v\000a\000l\000u\000a\000t\000i\000o\000n\000\040\000w\000i\000t\000h\000\040\000C\000l\000o\000s\000e\000d\000\040\000T\000e\000s\000t\000\040\000D\000a\000t\000a}{}% 35
\BOOKMARK [2][-]{subsection.0.35}{\376\377\000E\000v\000a\000l\000u\000a\000t\000i\000o\000n\000\040\000w\000i\000t\000h\000\040\000O\000p\000e\000n\000\040\000T\000e\000s\000t\000\040\000D\000a\000t\000a}{}% 36
\BOOKMARK [2][-]{subsection.0.36}{\376\377\000T\000e\000x\000t\000\040\000G\000e\000n\000e\000r\000a\000t\000i\000o\000n\000\040\000w\000i\000t\000h\000\040\000X\000G\000L\000M\000\040\000F\000i\000n\000e\000t\000u\000n\000e\000d\000\040\000L\000M}{}% 37
\BOOKMARK [2][-]{subsection.0.37}{\376\377\000L\000S\000T\000M\000\040\000v\000s\000\040\000X\000G\000L\000M}{}% 38
\BOOKMARK [2][-]{subsection.0.38}{\376\377\000F\000i\000n\000e\000-\000t\000u\000n\000i\000n\000g\000\040\000X\000G\000L\000M\000\040\000w\000i\000t\000h\000\040\000O\000p\000t\000i\000m\000i\000z\000e\000d\000\040\000P\000a\000r\000a\000m\000e\000t\000e\000r\000s}{}% 39
\BOOKMARK [2][-]{subsection.0.39}{\376\377\000E\000v\000a\000l\000u\000a\000t\000i\000o\000n\000\040\000w\000i\000t\000h\000\040\000O\000r\000i\000g\000i\000n\000a\000l\000\040\000X\000G\000L\000M\000-\0005\0006\0004\000M\000\040\000L\000M}{}% 40
\BOOKMARK [2][-]{subsection.0.40}{\376\377\000E\000v\000a\000l\000u\000a\000t\000i\000o\000n\000\040\000w\000i\000t\000h\000\040\000F\000i\000n\000e\000t\000u\000n\000e\000\040\000O\000p\000t\000i\000m\000i\000z\000e\000d\000\040\000M\000o\000d\000e\000l}{}% 41
\BOOKMARK [2][-]{subsection.0.41}{\376\377\000T\000e\000x\000t\000\040\000G\000e\000n\000e\000r\000a\000t\000i\000o\000n\000\040\000w\000i\000t\000h\000\040\000O\000p\000t\000i\000m\000i\000z\000e\000d\000\040\000X\000G\000L\000M\000\040\000M\000o\000d\000e\000l}{}% 42
\BOOKMARK [2][-]{subsection.0.42}{\376\377\000M\000o\000d\000e\000l\000\040\000F\000o\000l\000d\000e\000r\000\040\000S\000t\000r\000u\000c\000t\000u\000r\000e}{}% 43
\BOOKMARK [2][-]{subsection.0.43}{\376\377\000R\000A\000G\000\040\000w\000i\000t\000h\000\040\000a\000\040\000M\000o\000d\000e\000r\000n\000\040\0008\000B\000-\000C\000l\000a\000s\000s\000\040\000M\000o\000d\000e\000l\000\040\000\050\000Q\000u\000a\000n\000t\000i\000z\000e\000d\000\040\000o\000n\000\040\000G\000P\000U\000\051}{}% 44
\BOOKMARK [2][-]{subsection.0.44}{\376\377\000W\000h\000y\000\040\000R\000A\000G\000?}{}% 45
\BOOKMARK [2][-]{subsection.0.45}{\376\377\000R\000A\000G\000\040\000f\000o\000r\000\040\000M\000y\000a\000n\000m\000a\000r\000\040\000L\000a\000n\000g\000u\000a\000g\000e}{}% 46
\BOOKMARK [1][-]{section.1}{\376\377\000Q\000\046\000A\000\040\000R\000A\000G}{}% 47
\BOOKMARK [2][-]{subsection.1.1}{\376\377\000T\000h\000e\000\040\000E\000v\000a\000l\000u\000a\000t\000i\000o\000n}{section.1}% 48
\BOOKMARK [2][-]{subsection.1.2}{\376\377\000C\000o\000n\000v\000e\000r\000t\000\040\000A\000R\000P\000A\000\040\000t\000o\000\040\000B\000i\000n\000a\000r\000y}{section.1}% 49
\BOOKMARK [2][-]{subsection.1.3}{\376\377\000P\000r\000e\000p\000a\000r\000e\000\040\000K\000e\000n\000L\000M\000\040\000E\000v\000a\000l\000u\000a\000t\000i\000o\000n\000\040\000P\000y\000t\000h\000o\000n\000\040\000C\000o\000d\000e}{section.1}% 50
\BOOKMARK [2][-]{subsection.1.4}{\376\377\000S\000R\000I\000L\000M\000\040\000w\000i\000t\000h\000\040\000M\000y\000a\000n\000m\000a\000r\000\040\000C\000o\000r\000p\000u\000s}{section.1}% 51
\BOOKMARK [3][-]{subsubsection.1.4.1}{\376\377\000F\000l\000a\000g\000\040\000e\000x\000p\000l\000a\000n\000a\000t\000i\000o\000n\000s\000:}{subsection.1.4}% 52
\BOOKMARK [2][-]{subsection.1.5}{\376\377\000C\000o\000n\000v\000e\000r\000t\000\040\000A\000R\000P\000A\000\040\000t\000o\000\040\000K\000e\000n\000L\000M\000\040\000B\000i\000n\000a\000r\000y\000\040\000\050\000O\000p\000t\000i\000o\000n\000a\000l\000\040\000b\000u\000t\000\040\000f\000a\000s\000t\000e\000r\000\040\000l\000o\000a\000d\000i\000n\000g\000\051}{section.1}% 53
\BOOKMARK [2][-]{subsection.1.6}{\376\377\000U\000p\000d\000a\000t\000e\000d\000\040\000C\000o\000d\000e}{section.1}% 54
\BOOKMARK [2][-]{subsection.1.7}{\376\377\000S\000u\000m\000m\000a\000r\000y}{section.1}% 55
\BOOKMARK [2][-]{subsection.1.8}{\376\377\000R\000e\000f\000e\000r\000e\000n\000c\000e\000\040\000L\000i\000n\000k\000s}{section.1}% 56
