I love speech recognition .
	p( <unk> | <s> ) 	= [OOV] 0 [ -inf ]
	p( <unk> | <unk> ...) 	= [OOV] 0 [ -inf ]
	p( <unk> | <unk> ...) 	= [OOV] 0 [ -inf ]
	p( <unk> | <unk> ...) 	= [OOV] 0 [ -inf ]
	p( . | <unk> ...) 	= [1gram] 0.1 [ -1 ]
	p( </s> | . ...) 	= [2gram] 0.5 [ -0.30103 ]
1 sentences, 5 words, 4 OOVs
0 zeroprobs, logprob= -1.30103 ppl= 4.472136 ppl1= 20

Perplexity is a common metric for evaluating language models .
	p( <unk> | <s> ) 	= [OOV] 0 [ -inf ]
	p( is | <unk> ...) 	= [1gram] 0.1 [ -1 ]
	p( a | is ...) 	= [2gram] 0.5 [ -0.30103 ]
	p( <unk> | a ...) 	= [OOV] 0 [ -inf ]
	p( <unk> | <unk> ...) 	= [OOV] 0 [ -inf ]
	p( <unk> | <unk> ...) 	= [OOV] 0 [ -inf ]
	p( <unk> | <unk> ...) 	= [OOV] 0 [ -inf ]
	p( <unk> | <unk> ...) 	= [OOV] 0 [ -inf ]
	p( <unk> | <unk> ...) 	= [OOV] 0 [ -inf ]
	p( . | <unk> ...) 	= [1gram] 0.1 [ -1 ]
	p( </s> | . ...) 	= [2gram] 0.5 [ -0.30103 ]
1 sentences, 10 words, 7 OOVs
0 zeroprobs, logprob= -2.60206 ppl= 4.472136 ppl1= 7.368063

Language models assign probabilities to sequences of words .
	p( <unk> | <s> ) 	= [OOV] 0 [ -inf ]
	p( <unk> | <unk> ...) 	= [OOV] 0 [ -inf ]
	p( <unk> | <unk> ...) 	= [OOV] 0 [ -inf ]
	p( <unk> | <unk> ...) 	= [OOV] 0 [ -inf ]
	p( <unk> | <unk> ...) 	= [OOV] 0 [ -inf ]
	p( <unk> | <unk> ...) 	= [OOV] 0 [ -inf ]
	p( <unk> | <unk> ...) 	= [OOV] 0 [ -inf ]
	p( <unk> | <unk> ...) 	= [OOV] 0 [ -inf ]
	p( . | <unk> ...) 	= [1gram] 0.1 [ -1 ]
	p( </s> | . ...) 	= [2gram] 0.5 [ -0.30103 ]
1 sentences, 9 words, 8 OOVs
0 zeroprobs, logprob= -1.30103 ppl= 4.472136 ppl1= 20

file lm_toy.test.txt: 3 sentences, 24 words, 19 OOVs
0 zeroprobs, logprob= -5.20412 ppl= 4.472136 ppl1= 10.98561
