=== 1/5 Counting and sorting n-grams ===
File stdin isn't normal.  Using slower read() instead of mmap().  No progress bar.
Unigram tokens 151 types 102
=== 2/5 Calculating and sorting adjusted counts ===
Chain sizes: 1:1224 2:5975606272 3:11204261888
Substituting fallback discounts for order 1: D1=0.5 D2=1 D3+=1.5
Substituting fallback discounts for order 2: D1=0.5 D2=1 D3+=1.5
Statistics:
1 102 D1=0.897959 D2=0.383673 D3+=3
2 140 D1=0.5 D2=1 D3+=1.5
3 143 D1=0.5 D2=1 D3+=1.5
Memory estimate for binary LM:
type       B
probing 8596 assuming -p 1.5
probing 9848 assuming -r models -p 1.5
trie    4563 without quantization
trie    6401 assuming -q 8 -b 8 quantization 
trie    4565 assuming -a 22 array pointer compression
trie    6403 assuming -a 22 -q 8 -b 8 array pointer compression and quantization
=== 3/5 Calculating and sorting initial probabilities ===
Chain sizes: 1:1224 2:2240 3:2860
=== 4/5 Calculating and writing order-interpolated probabilities ===
Chain sizes: 1:1224 2:2240 3:2860
=== 5/5 Writing ARPA model ===
Name:lmplz	VmPeak:16933812 kB	VmRSS:6156 kB	RSSMax:3871296 kB	user:0.188281	sys:1.41707	CPU:1.60538	real:1.92284
